<?xml version="1.0" encoding="UTF-8"?>
<!-- Generated by org.testng.reporters.JUnitXMLReporter -->
<testsuite ignored="0" hostname="DESKTOP-IEPVL3O" failures="1" tests="3" name="Test" time="16.846" errors="0" timestamp="2024-11-26T23:59:59 IST">
  <testcase classname="com.fitpeo.qa.test.RevenueCalculatorTest" name="validateRevenueCalculatorPage" time="1.671"/>
  <testcase classname="com.fitpeo.qa.test.RevenueCalculatorTest" name="validateSliderValue" time="2.843"/>
  <testcase classname="com.fitpeo.qa.test.RevenueCalculatorTest" name="validateTotalReccuring" time="1.658">
    <failure type="java.lang.AssertionError" message="expected [Total Recurring Reimbursement for all Patients Per Month:$110700] but found [Total Recurring Reimbursement for all Patients Per Month:
$43680]">
      <![CDATA[java.lang.AssertionError: expected [Total Recurring Reimbursement for all Patients Per Month:$110700] but found [Total Recurring Reimbursement for all Patients Per Month:
$43680]
at com.fitpeo.qa.test.RevenueCalculatorTest.validateTotalReccuring(RevenueCalculatorTest.java:51)
at java.base/java.util.ArrayList.forEach(ArrayList.java:1511)
... Removed 37 stack frames]]>
    </failure>
  </testcase> <!-- validateTotalReccuring -->
</testsuite> <!-- Test -->
